<?xml version="1.0" encoding="UTF-8"?>
<!-- Generated by org.testng.reporters.JUnitXMLReporter -->
<testsuite ignored="0" hostname="Vivek" failures="1" tests="1" name="Test" time="12.613" errors="0" timestamp="2024-03-25T09:33:38 EDT">
  <testcase classname="testCases.TC_001_AccountRegistrationTest" name="verify_Account_Registration" time="7.285">
    <failure type="java.lang.AssertionError" message="null">
      <![CDATA[java.lang.AssertionError: null
at testCases.TC_001_AccountRegistrationTest.verify_Account_Registration(TC_001_AccountRegistrationTest.java:60)
at java.base/java.util.ArrayList.forEach(ArrayList.java:1511)
... Removed 31 stack frames]]>
    </failure>
  </testcase> <!-- verify_Account_Registration -->
</testsuite> <!-- Test -->
